2021-07-26 14:59:25.1590 INFO test
2021-07-26 15:45:47.9298 INFO test
2021-07-26 15:45:47.9572 INFO test
2021-07-26 15:46:14.9520 INFO test
2021-07-26 15:48:12.2732 INFO Performing setup using Edge
2021-07-26 15:48:12.2732 INFO Performing setup using Chrome
2021-07-26 15:48:20.3930 INFO test
2021-07-26 15:48:24.1507 INFO test
2021-07-26 15:55:20.2431 INFO Performing environment setup using browser Edge
2021-07-26 15:55:20.2431 INFO Performing environment setup using browser Chrome
2021-07-26 15:55:28.0626 INFO test
2021-07-26 15:55:29.6055 INFO Tearing down for test SearchTermInGoogle2
2021-07-26 15:55:32.1983 INFO Killing executable for browser Chrome
2021-07-26 15:55:33.1667 INFO test
2021-07-26 15:55:33.6798 INFO Tearing down for test SearchTermInGoogle2
2021-07-26 15:55:34.4432 INFO Killing executable for browser Edge
2021-07-26 16:03:39.4551 INFO Starting test SearchTermInGoogle2
2021-07-26 16:03:39.4551 INFO Starting test SearchTermInGoogle2
2021-07-26 16:03:39.4914 INFO Performing environment setup using browser Chrome
2021-07-26 16:03:39.4914 INFO Performing environment setup using browser Edge
2021-07-26 16:03:47.6255 INFO test
2021-07-26 16:03:48.1378 INFO Tearing down for test SearchTermInGoogle2
2021-07-26 16:03:49.0653 INFO Killing executable for browser Chrome
2021-07-26 16:03:50.6330 INFO test
2021-07-26 16:03:50.8135 INFO Tearing down for test SearchTermInGoogle2
2021-07-26 16:03:51.6740 INFO Killing executable for browser Edge
2021-07-26 16:18:20.2656 INFO Starting test SearchTermInGoogle2 using browser Edge
2021-07-26 16:18:20.2656 INFO Starting test SearchTermInGoogle2 using browser Chrome
2021-07-26 16:18:28.2190 INFO Tearing down for test SearchTermInGoogle2
2021-07-26 16:18:28.3011 INFO Killing executable for browser Chrome
2021-07-26 16:18:29.8980 INFO test
2021-07-26 16:18:30.2080 INFO Tearing down for test SearchTermInGoogle2
2021-07-26 16:18:30.8217 INFO Killing executable for browser Edge
2021-07-26 16:20:19.9011 INFO Starting test SearchTermInGoogle2 using browser Edge
2021-07-26 16:20:19.9011 INFO Starting test SearchTermInGoogle2 using browser Chrome
2021-07-26 16:20:29.6864 INFO test
2021-07-26 16:20:30.1799 INFO Tearing down for test SearchTermInGoogle2
2021-07-26 16:20:30.8335 INFO Killing executable for browser Chrome
2021-07-26 16:20:31.5845 INFO test
2021-07-26 16:20:31.8688 INFO Tearing down for test SearchTermInGoogle2
2021-07-26 16:20:32.9021 INFO Killing executable for browser Edge
